<?xml version="1.0" encoding="UTF-8"?>
<!-- Generated by org.testng.reporters.JUnitReportReporter -->
<testsuite skipped="0" hostname="in-suhailma-1" name="maven.maventest" tests="1" failures="0" timestamp="28 Mar 2018 12:33:13 GMT" time="0.009" errors="0">
  <testcase name="testA" time="0.009" classname="maven.maventest"/>
</testsuite> <!-- maven.maventest -->
